<?xml version="1.0" encoding="UTF-8"?>
<!-- Generated by org.testng.reporters.JUnitReportReporter -->
<testsuite hostname="LAPTOP-LPR232VR" failures="0" tests="1" name="practice.datadriventesting.CreateOrgXMLTest" time="7.237" errors="0" timestamp="2024-06-02T17:57:23 IST" skipped="0">
  <testcase classname="practice.datadriventesting.CreateOrgXMLTest" name="createOrg" time="7.237"/>
</testsuite> <!-- practice.datadriventesting.CreateOrgXMLTest -->
