<?xml version="1.0" encoding="UTF-8"?>
<!-- Generated by org.testng.reporters.JUnitReportReporter -->
<testsuite hostname="LAPTOP-LPR232VR" failures="0" tests="1" name="practice.basicselenium.Task9KeyboardAction" time="13.312" errors="0" timestamp="2024-05-26T20:19:18 IST" skipped="0">
  <testcase classname="practice.basicselenium.Task9KeyboardAction" name="KeyBoard" time="13.312"/>
</testsuite> <!-- practice.basicselenium.Task9KeyboardAction -->
