<?xml version="1.0" encoding="UTF-8"?>
<!-- Generated by org.testng.reporters.JUnitReportReporter -->
<testsuite hostname="LAPTOP-LPR232VR" failures="0" tests="1" name="taskTest.GoogleTask1" time="25.393" errors="0" timestamp="2024-06-21T18:18:21 IST" skipped="0">
  <testcase classname="taskTest.GoogleTask1" name="main1" time="25.393"/>
  <system-out/>
</testsuite> <!-- taskTest.GoogleTask1 -->
