<?xml version="1.0" encoding="UTF-8"?>
<!-- Generated by org.testng.reporters.JUnitReportReporter -->
<testsuite hostname="LAPTOP-LPR232VR" failures="0" tests="1" name="practice.basicselenium.Task1Table" time="16.127" errors="0" timestamp="2024-06-01T22:40:56 IST" skipped="0">
  <testcase classname="practice.basicselenium.Task1Table" name="button" time="16.127"/>
</testsuite> <!-- practice.basicselenium.Task1Table -->
