<?xml version="1.0" encoding="UTF-8"?>
<!-- Generated by org.testng.reporters.JUnitReportReporter -->
<testsuite hostname="LAPTOP-LPR232VR" failures="0" tests="5" name="practise.testNG.OrderTest" time="0.012" errors="0" timestamp="2024-06-11T10:05:21 IST" skipped="0">
  <testcase classname="practise.testNG.OrderTest" name="createOrderTest" time="0.001"/>
  <testcase classname="practise.testNG.OrderTest" name="createOrderTest" time="0.007"/>
  <testcase classname="practise.testNG.OrderTest" name="createOrderTest" time="0.001"/>
  <testcase classname="practise.testNG.OrderTest" name="createOrderTest" time="0.002"/>
  <testcase classname="practise.testNG.OrderTest" name="billingOrderTest" time="0.001"/>
</testsuite> <!-- practise.testNG.OrderTest -->
