<?xml version="1.0" encoding="UTF-8"?>
<!-- Generated by org.testng.reporters.JUnitReportReporter -->
<testsuite hostname="LAPTOP-LPR232VR" failures="0" tests="1" name="practice.basicselenium.Task3Poppups" time="12.306" errors="0" timestamp="2024-05-26T23:17:32 IST" skipped="0">
  <testcase classname="practice.basicselenium.Task3Poppups" name="download" time="12.306"/>
</testsuite> <!-- practice.basicselenium.Task3Poppups -->
