<?xml version="1.0" encoding="UTF-8"?>
<!-- Generated by org.testng.reporters.JUnitReportReporter -->
<testsuite hostname="LAPTOP-LPR232VR" failures="0" tests="3" name="practice.basicselenium.Task1price" time="21.614" errors="0" timestamp="2024-05-25T10:07:52 IST" skipped="0">
  <testcase classname="practice.basicselenium.Task1price" name="main1" time="8.327"/>
  <testcase classname="practice.basicselenium.Task1price" name="main2" time="5.916"/>
  <testcase classname="practice.basicselenium.Task1price" name="main3" time="7.371"/>
</testsuite> <!-- practice.basicselenium.Task1price -->
