<?xml version="1.0" encoding="UTF-8"?>
<!-- Generated by org.testng.reporters.JUnitReportReporter -->
<testsuite hostname="LAPTOP-LPR232VR" failures="0" tests="1" name="practice.genericUtility.TC_01_Create_Org" time="26.488" errors="0" timestamp="2024-05-28T15:58:08 IST" skipped="0">
  <testcase classname="practice.genericUtility.TC_01_Create_Org" name="createOrgWithPhoneNumber" time="26.488"/>
</testsuite> <!-- practice.genericUtility.TC_01_Create_Org -->
