<?xml version="1.0" encoding="UTF-8"?>
<!-- Generated by org.testng.reporters.JUnitReportReporter -->
<testsuite hostname="LAPTOP-LPR232VR" failures="0" tests="5" name="practise.testNG.ContactTest" time="0.014" errors="0" timestamp="2024-06-10T14:43:06 IST" skipped="1">
  <testcase classname="practise.testNG.ContactTest" name="amodifyContact" time="0.002"/>
  <testcase classname="practise.testNG.ContactTest" name="wcreateContact" time="0.001"/>
  <testcase classname="practise.testNG.ContactTest" name="tZ" time="0.010"/>
  <testcase classname="practise.testNG.ContactTest" name="ideleteContact" time="0.001"/>
  <testcase classname="practise.testNG.ContactTest" name="$">
    <skipped/>
  </testcase> <!-- $ -->
</testsuite> <!-- practise.testNG.ContactTest -->
