<?xml version="1.0" encoding="UTF-8"?>
<!-- Generated by org.testng.reporters.JUnitReportReporter -->
<testsuite hostname="LAPTOP-LPR232VR" failures="0" tests="1" name="taskTest.IrctcTest" time="0.006" errors="0" timestamp="2024-06-17T12:04:03 IST" skipped="0">
  <testcase classname="taskTest.IrctcTest" name="test" time="0.006"/>
</testsuite> <!-- taskTest.IrctcTest -->
