<?xml version="1.0" encoding="UTF-8"?>
<!-- Generated by org.testng.reporters.JUnitReportReporter -->
<testsuite hostname="LAPTOP-LPR232VR" failures="0" tests="1" name="practise.testNG.SampleTestForScreenShotTest" time="4.953" errors="0" timestamp="2024-06-14T12:39:25 IST" skipped="0">
  <testcase classname="practise.testNG.SampleTestForScreenShotTest" name="amazonTest" time="4.953"/>
</testsuite> <!-- practise.testNG.SampleTestForScreenShotTest -->
