<?xml version="1.0" encoding="UTF-8"?>
<!-- Generated by org.testng.reporters.JUnitReportReporter -->
<testsuite hostname="LAPTOP-LPR232VR" failures="0" tests="2" name="com.crm.cosmcast.ContactTest.CtreateContactTest" time="0.007" errors="0" timestamp="2024-06-12T09:42:18 IST" skipped="0">
  <testcase classname="com.crm.cosmcast.ContactTest.CtreateContactTest" name="createContactDate" time="0.004"/>
  <testcase classname="com.crm.cosmcast.ContactTest.CtreateContactTest" name="createContact" time="0.003"/>
</testsuite> <!-- com.crm.cosmcast.ContactTest.CtreateContactTest -->
