<?xml version="1.0" encoding="UTF-8"?>
<!-- Generated by org.testng.reporters.JUnitReportReporter -->
<testsuite hostname="LAPTOP-LPR232VR" failures="0" tests="3" name="practise.testNG.CreateContactTest" time="0.019" errors="0" timestamp="2024-06-08T14:54:25 IST" skipped="0">
  <testcase classname="practise.testNG.CreateContactTest" name="createContactTest" time="0.002"/>
  <testcase classname="practise.testNG.CreateContactTest" name="CreateOrgTest" time="0.014"/>
  <testcase classname="practise.testNG.CreateContactTest" name="loginTest" time="0.003"/>
</testsuite> <!-- practise.testNG.CreateContactTest -->
