<?xml version="1.0" encoding="UTF-8"?>
<!-- Generated by org.testng.reporters.JUnitReportReporter -->
<testsuite hostname="LAPTOP-LPR232VR" failures="0" tests="1" name="practice.basics.ReadDataFromTestNgXML" time="0.007" errors="0" timestamp="2024-05-23T16:11:39 IST" skipped="0">
  <testcase classname="practice.basics.ReadDataFromTestNgXML" name="sampleTest" time="0.007"/>
</testsuite> <!-- practice.basics.ReadDataFromTestNgXML -->
