<?xml version="1.0" encoding="UTF-8"?>
<!-- Generated by org.testng.reporters.JUnitReportReporter -->
<testsuite hostname="LAPTOP-LPR232VR" failures="0" tests="1" name="practice.basicselenium.Task2Dropdown" time="11.901" errors="0" timestamp="2024-05-27T16:52:31 IST" skipped="0">
  <testcase classname="practice.basicselenium.Task2Dropdown" name="toggle" time="11.901"/>
</testsuite> <!-- practice.basicselenium.Task2Dropdown -->
