<?xml version="1.0" encoding="UTF-8"?>
<!-- Generated by org.testng.reporters.JUnitReportReporter -->
<testsuite hostname="LAPTOP-LPR232VR" failures="0" tests="2" name="com.crm.comcast.orgTest.CtreateOrgTest" time="0.009" errors="0" timestamp="2024-06-12T09:42:18 IST" skipped="0">
  <testcase classname="com.crm.comcast.orgTest.CtreateOrgTest" name="createOrg" time="0.006"/>
  <testcase classname="com.crm.comcast.orgTest.CtreateOrgTest" name="createOrgWithIndustry" time="0.003"/>
</testsuite> <!-- com.crm.comcast.orgTest.CtreateOrgTest -->
