<?xml version="1.0" encoding="UTF-8"?>
<!-- Generated by org.testng.reporters.JUnitReportReporter -->
<testsuite hostname="LAPTOP-LPR232VR" failures="0" tests="1" name="practice.basicselenium.Task5Scroll" time="13.400" errors="0" timestamp="2024-05-27T10:58:14 IST" skipped="0">
  <testcase classname="practice.basicselenium.Task5Scroll" name="horizontalTab2" time="13.400"/>
</testsuite> <!-- practice.basicselenium.Task5Scroll -->
