<?xml version="1.0" encoding="UTF-8"?>
<!-- Generated by org.testng.reporters.JUnitReportReporter -->
<testsuite hostname="LAPTOP-LPR232VR" failures="0" tests="2" name="com.pac1.CtreateContactTest" time="0.013" errors="0" timestamp="2024-06-11T11:26:30 IST" skipped="0">
  <testcase classname="com.pac1.CtreateContactTest" name="createContact" time="0.009"/>
  <testcase classname="com.pac1.CtreateContactTest" name="createContactDate" time="0.004"/>
</testsuite> <!-- com.pac1.CtreateContactTest -->
