<?xml version="1.0" encoding="UTF-8"?>
<!-- Generated by org.testng.reporters.JUnitReportReporter -->
<testsuite hostname="LAPTOP-LPR232VR" failures="0" tests="3" name="practise.testNG.CreateContact_DP_Test2" time="0.010" errors="0" timestamp="2024-06-19T17:29:07 IST" skipped="0">
  <testcase classname="practise.testNG.CreateContact_DP_Test2" name="createContactTest" time="0.006"/>
  <system-out/>
  <testcase classname="practise.testNG.CreateContact_DP_Test2" name="createContactTest" time="0.001"/>
  <system-out/>
  <testcase classname="practise.testNG.CreateContact_DP_Test2" name="createContactTest" time="0.003"/>
  <system-out/>
</testsuite> <!-- practise.testNG.CreateContact_DP_Test2 -->
