<?xml version="1.0" encoding="UTF-8"?>
<!-- Generated by org.testng.reporters.JUnitReportReporter -->
<testsuite hostname="LAPTOP-LPR232VR" failures="0" tests="1" name="taskTest.jln" time="0.032" errors="0" timestamp="2024-06-11T15:16:45 IST" skipped="0">
  <testcase classname="taskTest.jln" name="getRequiredDateyyyyMMdd" time="0.032"/>
</testsuite> <!-- taskTest.jln -->
