<?xml version="1.0" encoding="UTF-8"?>
<!-- Generated by org.testng.reporters.JUnitReportReporter -->
<testsuite hostname="LAPTOP-LPR232VR" failures="0" tests="1" name="practice.basicselenium.Task6Sysnchronization" time="9.488" errors="0" timestamp="2024-05-27T15:30:31 IST" skipped="0">
  <testcase classname="practice.basicselenium.Task6Sysnchronization" name="Sysncronization" time="9.488"/>
</testsuite> <!-- practice.basicselenium.Task6Sysnchronization -->
