<?xml version="1.0" encoding="UTF-8"?>
<!-- Generated by org.testng.reporters.JUnitReportReporter -->
<testsuite hostname="LAPTOP-LPR232VR" failures="0" tests="1" name="practice.pom.repository.CreateOrganizationAndDelete" time="30.424" errors="0" timestamp="2024-06-06T18:04:30 IST" skipped="0">
  <testcase classname="practice.pom.repository.CreateOrganizationAndDelete" name="main" time="30.424"/>
</testsuite> <!-- practice.pom.repository.CreateOrganizationAndDelete -->
