<?xml version="1.0" encoding="UTF-8"?>
<!-- Generated by org.testng.reporters.JUnitReportReporter -->
<testsuite hostname="LAPTOP-LPR232VR" failures="0" tests="5" name="practise.testNG.Task1DataProvider" time="0.024" errors="0" timestamp="2024-06-20T17:15:38 IST" skipped="0">
  <testcase classname="practise.testNG.Task1DataProvider" name="main1" time="0.007"/>
  <system-out/>
  <testcase classname="practise.testNG.Task1DataProvider" name="main1" time="0.008"/>
  <system-out/>
  <testcase classname="practise.testNG.Task1DataProvider" name="main1" time="0.004"/>
  <system-out/>
  <testcase classname="practise.testNG.Task1DataProvider" name="main1" time="0.002"/>
  <system-out/>
  <testcase classname="practise.testNG.Task1DataProvider" name="main1" time="0.003"/>
  <system-out/>
</testsuite> <!-- practise.testNG.Task1DataProvider -->
