<?xml version="1.0" encoding="UTF-8"?>
<!-- Generated by org.testng.reporters.JUnitReportReporter -->
<testsuite hostname="LAPTOP-LPR232VR" failures="0" tests="1" name="practice.basicselenium.Task4DataAndTimePicker" time="16.358" errors="0" timestamp="2024-05-26T16:39:00 IST" skipped="0">
  <testcase classname="practice.basicselenium.Task4DataAndTimePicker" name="Date1" time="16.358"/>
</testsuite> <!-- practice.basicselenium.Task4DataAndTimePicker -->
