<?xml version="1.0" encoding="UTF-8"?>
<!-- Generated by org.testng.reporters.JUnitReportReporter -->
<testsuite hostname="LAPTOP-LPR232VR" failures="0" tests="3" name="practice.genericUtility.CreateOrg" time="75.027" errors="0" timestamp="2024-05-29T10:51:45 IST" skipped="0">
  <testcase classname="practice.genericUtility.CreateOrg" name="createOrgWithIndustry" time="26.065"/>
  <testcase classname="practice.genericUtility.CreateOrg" name="createOrg" time="26.436"/>
  <testcase classname="practice.genericUtility.CreateOrg" name="createOrgWithPhoneNumber" time="22.526"/>
</testsuite> <!-- practice.genericUtility.CreateOrg -->
