<?xml version="1.0" encoding="UTF-8"?>
<!-- Generated by org.testng.reporters.JUnitReportReporter -->
<testsuite hostname="LAPTOP-LPR232VR" failures="0" tests="1" name="practice.basicselenium.Task7Frame" time="19.603" errors="0" timestamp="2024-05-27T14:49:53 IST" skipped="0">
  <testcase classname="practice.basicselenium.Task7Frame" name="nestedWithMultipleiFrame" time="19.603"/>
</testsuite> <!-- practice.basicselenium.Task7Frame -->
