<?xml version="1.0" encoding="UTF-8"?>
<!-- Generated by org.testng.reporters.JUnitReportReporter -->
<testsuite hostname="LAPTOP-LPR232VR" failures="0" tests="2" name="practice.homepageTest.HomePageSampleTest" time="0.018" errors="0" timestamp="2024-06-13T18:31:07 IST" skipped="0">
  <testcase classname="practice.homepageTest.HomePageSampleTest" name="verifyLogoHomePageTest" time="0.010">
    <system-out>
      <![CDATA[verifyLogoHomePageTestTest Start
Step-1
Step-2
Step-3
Step-4
verifyLogoHomePageTestTest End]]>
    </system-out>
  </testcase> <!-- verifyLogoHomePageTest -->
  <testcase classname="practice.homepageTest.HomePageSampleTest" name="homePageTest" time="0.008">
    <system-out>
      <![CDATA[homePageTestTest Start
Step-1
Step-2
Step-3
Step-4
homePageTestTest End]]>
    </system-out>
  </testcase> <!-- homePageTest -->
  <system-out>
    <![CDATA[homePageTestTest Start
Step-1
Step-2
Step-3
Step-4
homePageTestTest End
verifyLogoHomePageTestTest Start
Step-1
Step-2
Step-3
Step-4
verifyLogoHomePageTestTest End]]>
  </system-out>
</testsuite> <!-- practice.homepageTest.HomePageSampleTest -->
