<?xml version="1.0" encoding="UTF-8"?>
<!-- Generated by org.testng.reporters.JUnitReportReporter -->
<testsuite hostname="LAPTOP-LPR232VR" failures="0" tests="1" name="practice.basicselenium.Task8MouseAction" time="19.597" errors="0" timestamp="2024-06-02T15:10:16 IST" skipped="0">
  <testcase classname="practice.basicselenium.Task8MouseAction" name="clickAndHold" time="19.597"/>
</testsuite> <!-- practice.basicselenium.Task8MouseAction -->
