<?xml version="1.0" encoding="UTF-8"?>
<!-- Generated by org.testng.reporters.JUnitReportReporter -->
<testsuite hostname="LAPTOP-LPR232VR" failures="0" tests="3" name="practice.genericUtility.CreateContactTest" time="92.939" errors="0" timestamp="2024-05-29T10:53:40 IST" skipped="0">
  <testcase classname="practice.genericUtility.CreateContactTest" name="createContactWithOrgTest" time="43.823"/>
  <testcase classname="practice.genericUtility.CreateContactTest" name="createContactWithSupportDate" time="25.274"/>
  <testcase classname="practice.genericUtility.CreateContactTest" name="createContact" time="23.842"/>
</testsuite> <!-- practice.genericUtility.CreateContactTest -->
