<?xml version="1.0" encoding="UTF-8"?>
<!-- Generated by org.testng.reporters.JUnitReportReporter -->
<testsuite hostname="LAPTOP-LPR232VR" failures="0" tests="3" name="practise.testNG.CreateContact_DP_Test" time="0.017" errors="0" timestamp="2024-06-13T11:08:36 IST" skipped="0">
  <testcase classname="practise.testNG.CreateContact_DP_Test" name="createContactTest" time="0.005"/>
  <testcase classname="practise.testNG.CreateContact_DP_Test" name="createContactTest" time="0.008"/>
  <testcase classname="practise.testNG.CreateContact_DP_Test" name="createContactTest" time="0.004"/>
</testsuite> <!-- practise.testNG.CreateContact_DP_Test -->
