<?xml version="1.0" encoding="UTF-8"?>
<!-- Generated by org.testng.reporters.JUnitReportReporter -->
<testsuite hostname="LAPTOP-LPR232VR" failures="0" tests="2" name="practise.testNG.Sample" time="34.048" errors="0" timestamp="2024-06-14T11:41:22 IST" skipped="0">
  <testcase classname="practise.testNG.Sample" name="CreateOrganizationTest" time="18.110"/>
  <testcase classname="practise.testNG.Sample" name="CreateOrganizationTest" time="15.938"/>
</testsuite> <!-- practise.testNG.Sample -->
