<?xml version="1.0" encoding="UTF-8"?>
<!-- Generated by org.testng.reporters.JUnitReportReporter -->
<testsuite hostname="LAPTOP-LPR232VR" failures="0" tests="1" name="practice.pom.repository.SampleTestWithOutPOM" time="6.982" errors="0" timestamp="2024-06-05T17:33:16 IST" skipped="0">
  <testcase classname="practice.pom.repository.SampleTestWithOutPOM" name="sampleTest" time="6.982"/>
</testsuite> <!-- practice.pom.repository.SampleTestWithOutPOM -->
