<?xml version="1.0" encoding="UTF-8"?>
<!-- Generated by org.testng.reporters.JUnitReportReporter -->
<testsuite hostname="LAPTOP-LPR232VR" failures="0" tests="4" name="practise.testNG.SampleReportTest" time="4.610" errors="0" timestamp="2024-06-21T15:01:59 IST" skipped="0">
  <testcase classname="practise.testNG.SampleReportTest" name="createcontactTest" time="4.600"/>
  <system-out/>
  <testcase classname="practise.testNG.SampleReportTest" name="createContactWithPhoneNumber" time="0.005"/>
  <system-out/>
  <testcase classname="practise.testNG.SampleReportTest" name="createcontactwithPhoneNumber" time="0.001"/>
  <system-out/>
  <testcase classname="practise.testNG.SampleReportTest" name="createcontactwithOrg" time="0.004"/>
  <system-out/>
</testsuite> <!-- practise.testNG.SampleReportTest -->
